<?xml version="1.0" encoding="UTF-8"?>
<testng-results ignored="0" total="4" passed="4" failed="0" skipped="0">
  <reporter-output>
  </reporter-output>
  <suite started-at="2024-05-02T22:56:51 PKT" name="Suite" finished-at="2024-05-02T22:57:12 PKT" duration-ms="21269">
    <groups>
      <group name="itemcheck">
        <method signature="InvalidLoginTest.InvalidLogin()[pri:0, instance:loneCreates.InvalidLoginTest@3e7dd664]" name="InvalidLogin" class="loneCreates.InvalidLoginTest"/>
        <method signature="ValidLoginTest.validLogin()[pri:0, instance:loneCreates.ValidLoginTest@3da30852]" name="validLogin" class="loneCreates.ValidLoginTest"/>
        <method signature="ItemsTest.Addnewitemtest()[pri:0, instance:loneCreates.ItemsTest@79c7532f]" name="Addnewitemtest" class="loneCreates.ItemsTest"/>
        <method signature="ItemsTest.ItemExists()[pri:0, instance:loneCreates.ItemsTest@79c7532f]" name="ItemExists" class="loneCreates.ItemsTest"/>
      </group> <!-- itemcheck -->
    </groups>
    <test started-at="2024-05-02T22:56:51 PKT" name="LoginTest" finished-at="2024-05-02T22:57:07 PKT" duration-ms="16138">
      <class name="loneCreates.ValidLoginTest">
        <test-method is-config="true" signature="driverInitialization()[pri:0, instance:loneCreates.ValidLoginTest@3da30852]" started-at="2024-05-02T22:56:51 PKT" name="driverInitialization" finished-at="2024-05-02T22:56:57 PKT" duration-ms="6724" status="PASS">
          <reporter-output>
          </reporter-output>
        </test-method> <!-- driverInitialization -->
        <test-method signature="validLogin()[pri:0, instance:loneCreates.ValidLoginTest@3da30852]" started-at="2024-05-02T22:56:57 PKT" name="validLogin" finished-at="2024-05-02T22:56:57 PKT" duration-ms="8" status="PASS">
          <reporter-output>
          </reporter-output>
        </test-method> <!-- validLogin -->
        <test-method is-config="true" signature="tearDown()[pri:0, instance:loneCreates.ValidLoginTest@3da30852]" started-at="2024-05-02T22:56:57 PKT" name="tearDown" finished-at="2024-05-02T22:56:57 PKT" duration-ms="119" status="PASS">
          <reporter-output>
          </reporter-output>
        </test-method> <!-- tearDown -->
      </class> <!-- loneCreates.ValidLoginTest -->
      <class name="loneCreates.InvalidLoginTest">
        <test-method is-config="true" signature="driverInitialization()[pri:0, instance:loneCreates.InvalidLoginTest@3e7dd664]" started-at="2024-05-02T22:56:57 PKT" name="driverInitialization" finished-at="2024-05-02T22:57:07 PKT" duration-ms="9160" status="PASS">
          <reporter-output>
          </reporter-output>
        </test-method> <!-- driverInitialization -->
        <test-method signature="InvalidLogin()[pri:0, instance:loneCreates.InvalidLoginTest@3e7dd664]" started-at="2024-05-02T22:57:07 PKT" name="InvalidLogin" finished-at="2024-05-02T22:57:07 PKT" duration-ms="2" status="PASS">
          <reporter-output>
          </reporter-output>
        </test-method> <!-- InvalidLogin -->
        <test-method is-config="true" signature="tearDown()[pri:0, instance:loneCreates.InvalidLoginTest@3e7dd664]" started-at="2024-05-02T22:57:07 PKT" name="tearDown" finished-at="2024-05-02T22:57:07 PKT" duration-ms="86" status="PASS">
          <reporter-output>
          </reporter-output>
        </test-method> <!-- tearDown -->
      </class> <!-- loneCreates.InvalidLoginTest -->
    </test> <!-- LoginTest -->
    <test started-at="2024-05-02T22:57:07 PKT" name="openItems" finished-at="2024-05-02T22:57:12 PKT" duration-ms="4875">
      <class name="loneCreates.ItemsTest">
        <test-method is-config="true" signature="driverInitialization()[pri:0, instance:loneCreates.ItemsTest@79c7532f]" started-at="2024-05-02T22:57:07 PKT" name="driverInitialization" finished-at="2024-05-02T22:57:12 PKT" duration-ms="4753" status="PASS">
          <reporter-output>
          </reporter-output>
        </test-method> <!-- driverInitialization -->
        <test-method signature="Addnewitemtest()[pri:0, instance:loneCreates.ItemsTest@79c7532f]" started-at="2024-05-02T22:57:12 PKT" name="Addnewitemtest" finished-at="2024-05-02T22:57:12 PKT" duration-ms="2" status="PASS">
          <reporter-output>
          </reporter-output>
        </test-method> <!-- Addnewitemtest -->
        <test-method signature="ItemExists()[pri:0, instance:loneCreates.ItemsTest@79c7532f]" started-at="2024-05-02T22:57:12 PKT" name="ItemExists" finished-at="2024-05-02T22:57:12 PKT" depends-on-methods="loneCreates.ItemsTest.Addnewitemtest" duration-ms="3" status="PASS">
          <reporter-output>
          </reporter-output>
        </test-method> <!-- ItemExists -->
        <test-method is-config="true" signature="tearDown()[pri:0, instance:loneCreates.ItemsTest@79c7532f]" started-at="2024-05-02T22:57:12 PKT" name="tearDown" finished-at="2024-05-02T22:57:12 PKT" duration-ms="109" status="PASS">
          <reporter-output>
          </reporter-output>
        </test-method> <!-- tearDown -->
      </class> <!-- loneCreates.ItemsTest -->
    </test> <!-- openItems -->
  </suite> <!-- Suite -->
</testng-results>
