<?xml version="1.0" encoding="UTF-8"?>
<testng-results ignored="0" total="4" passed="4" failed="0" skipped="0">
  <reporter-output>
  </reporter-output>
  <suite started-at="2024-05-03T00:20:11 PKT" name="Suite" finished-at="2024-05-03T00:20:33 PKT" duration-ms="22335">
    <groups>
      <group name="itemcheck">
        <method signature="InvalidLoginTest.InvalidLogin()[pri:0, instance:loneCreates.InvalidLoginTest@3e7dd664]" name="InvalidLogin" class="loneCreates.InvalidLoginTest"/>
        <method signature="ValidLoginTest.validLogin()[pri:0, instance:loneCreates.ValidLoginTest@3da30852]" name="validLogin" class="loneCreates.ValidLoginTest"/>
        <method signature="ItemsTest.Addnewitemtest()[pri:0, instance:loneCreates.ItemsTest@5674e1f2]" name="Addnewitemtest" class="loneCreates.ItemsTest"/>
        <method signature="ItemsTest.ItemExists()[pri:0, instance:loneCreates.ItemsTest@5674e1f2]" name="ItemExists" class="loneCreates.ItemsTest"/>
      </group> <!-- itemcheck -->
    </groups>
    <test started-at="2024-05-03T00:20:11 PKT" name="LoginTest" finished-at="2024-05-03T00:20:25 PKT" duration-ms="14176">
      <class name="loneCreates.ValidLoginTest">
        <test-method is-config="true" signature="driverInitialization()[pri:0, instance:loneCreates.ValidLoginTest@3da30852]" started-at="2024-05-03T00:20:11 PKT" name="driverInitialization" finished-at="2024-05-03T00:20:16 PKT" duration-ms="5286" status="PASS">
          <reporter-output>
          </reporter-output>
        </test-method> <!-- driverInitialization -->
        <test-method signature="validLogin()[pri:0, instance:loneCreates.ValidLoginTest@3da30852]" started-at="2024-05-03T00:20:16 PKT" name="validLogin" finished-at="2024-05-03T00:20:16 PKT" duration-ms="46" status="PASS">
          <reporter-output>
          </reporter-output>
        </test-method> <!-- validLogin -->
        <test-method is-config="true" signature="tearDown()[pri:0, instance:loneCreates.ValidLoginTest@3da30852]" started-at="2024-05-03T00:20:16 PKT" name="tearDown" finished-at="2024-05-03T00:20:17 PKT" duration-ms="215" status="PASS">
          <reporter-output>
          </reporter-output>
        </test-method> <!-- tearDown -->
      </class> <!-- loneCreates.ValidLoginTest -->
      <class name="loneCreates.InvalidLoginTest">
        <test-method is-config="true" signature="driverInitialization()[pri:0, instance:loneCreates.InvalidLoginTest@3e7dd664]" started-at="2024-05-03T00:20:17 PKT" name="driverInitialization" finished-at="2024-05-03T00:20:25 PKT" duration-ms="7915" status="PASS">
          <reporter-output>
          </reporter-output>
        </test-method> <!-- driverInitialization -->
        <test-method signature="InvalidLogin()[pri:0, instance:loneCreates.InvalidLoginTest@3e7dd664]" started-at="2024-05-03T00:20:25 PKT" name="InvalidLogin" finished-at="2024-05-03T00:20:25 PKT" duration-ms="12" status="PASS">
          <reporter-output>
          </reporter-output>
        </test-method> <!-- InvalidLogin -->
        <test-method is-config="true" signature="tearDown()[pri:0, instance:loneCreates.InvalidLoginTest@3e7dd664]" started-at="2024-05-03T00:20:25 PKT" name="tearDown" finished-at="2024-05-03T00:20:25 PKT" duration-ms="465" status="PASS">
          <reporter-output>
          </reporter-output>
        </test-method> <!-- tearDown -->
      </class> <!-- loneCreates.InvalidLoginTest -->
    </test> <!-- LoginTest -->
    <test started-at="2024-05-03T00:20:26 PKT" name="openItems" finished-at="2024-05-03T00:20:33 PKT" duration-ms="7036">
      <class name="loneCreates.ItemsTest">
        <test-method is-config="true" signature="driverInitialization()[pri:0, instance:loneCreates.ItemsTest@5674e1f2]" started-at="2024-05-03T00:20:26 PKT" name="driverInitialization" finished-at="2024-05-03T00:20:32 PKT" duration-ms="6291" status="PASS">
          <reporter-output>
          </reporter-output>
        </test-method> <!-- driverInitialization -->
        <test-method signature="Addnewitemtest()[pri:0, instance:loneCreates.ItemsTest@5674e1f2]" started-at="2024-05-03T00:20:32 PKT" name="Addnewitemtest" finished-at="2024-05-03T00:20:32 PKT" duration-ms="8" status="PASS">
          <reporter-output>
          </reporter-output>
        </test-method> <!-- Addnewitemtest -->
        <test-method signature="ItemExists()[pri:0, instance:loneCreates.ItemsTest@5674e1f2]" started-at="2024-05-03T00:20:32 PKT" name="ItemExists" finished-at="2024-05-03T00:20:32 PKT" depends-on-methods="loneCreates.ItemsTest.Addnewitemtest" duration-ms="5" status="PASS">
          <reporter-output>
          </reporter-output>
        </test-method> <!-- ItemExists -->
        <test-method is-config="true" signature="tearDown()[pri:0, instance:loneCreates.ItemsTest@5674e1f2]" started-at="2024-05-03T00:20:32 PKT" name="tearDown" finished-at="2024-05-03T00:20:33 PKT" duration-ms="682" status="PASS">
          <reporter-output>
          </reporter-output>
        </test-method> <!-- tearDown -->
      </class> <!-- loneCreates.ItemsTest -->
    </test> <!-- openItems -->
  </suite> <!-- Suite -->
</testng-results>
